# JRE version: Java(TM) SE Runtime Environment (16.0.1+9) (build 16.0.1+9-24)
# Java VM: Java HotSpot(TM) 64-Bit Server VM (16.0.1+9-24, mixed mode, sharing, tiered, compressed oops, compressed class ptrs, parallel gc, windows-amd64)
GC Precious Log:
 CPUs: 4 total, 4 available
 Memory: 8034M
 Large Page Support: Disabled
 NUMA Support: Disabled
 Compressed Oops: Enabled (32-bit)
 Alignments: Space 512K, Generation 512K, Heap 2M
 Heap Min Capacity: 100M
 Heap Initial Capacity: 100M
 Heap Max Capacity: 1G
 Pre-touch: Disabled
 Parallel Workers: 4
Heap:
 PSYoungGen      total 3072K, used 851K [0x00000000eab00000, 0x00000000eaf80000, 0x0000000100000000)
  eden space 1536K, 0% used [0x00000000eab00000,0x00000000eab00000,0x00000000eac80000)
  from space 1536K, 55% used [0x00000000eac80000,0x00000000ead54ea8,0x00000000eae00000)
  to   space 1536K, 0% used [0x00000000eae00000,0x00000000eae00000,0x00000000eaf80000)
 ParOldGen       total 147456K, used 147305K [0x00000000c0000000, 0x00000000c9000000, 0x00000000eab00000)
  object space 147456K, 99% used [0x00000000c0000000,0x00000000c8fda7f8,0x00000000c9000000)
 Metaspace       used 58158K, committed 59072K, reserved 1105920K
  class space    used 6119K, committed 6528K, reserved 1048576K
GC Heap History (20 events):
Event: 71.728 GC heap before
{Heap before GC invocations=148 (full 5):
 PSYoungGen      total 3072K, used 2614K [0x00000000eab00000, 0x00000000eaf00000, 0x0000000100000000)
  eden space 2048K, 100% used [0x00000000eab00000,0x00000000ead00000,0x00000000ead00000)
  from space 1024K, 55% used [0x00000000ead00000,0x00000000ead8d820,0x00000000eae00000)
  to   space 1024K, 0% used [0x00000000eae00000,0x00000000eae00000,0x00000000eaf00000)
 ParOldGen       total 147456K, used 143622K [0x00000000c0000000, 0x00000000c9000000, 0x00000000eab00000)
  object space 147456K, 97% used [0x00000000c0000000,0x00000000c8c41840,0x00000000c9000000)
 Metaspace       used 58158K, committed 59072K, reserved 1105920K
  class space    used 6119K, committed 6528K, reserved 1048576K
}
Event: 71.730 GC heap after
{Heap after GC invocations=148 (full 5):
 PSYoungGen      total 3072K, used 640K [0x00000000eab00000, 0x00000000eaf00000, 0x0000000100000000)
  eden space 2048K, 0% used [0x00000000eab00000,0x00000000eab00000,0x00000000ead00000)
  from space 1024K, 62% used [0x00000000eae00000,0x00000000eaea0288,0x00000000eaf00000)
  to   space 1024K, 0% used [0x00000000ead00000,0x00000000ead00000,0x00000000eae00000)
 ParOldGen       total 147456K, used 144118K [0x00000000c0000000, 0x00000000c9000000, 0x00000000eab00000)
  object space 147456K, 97% used [0x00000000c0000000,0x00000000c8cbdab0,0x00000000c9000000)
 Metaspace       used 58158K, committed 59072K, reserved 1105920K
  class space    used 6119K, committed 6528K, reserved 1048576K
}
Event: 71.761 GC heap before
{Heap before GC invocations=149 (full 5):
 PSYoungGen      total 3072K, used 2688K [0x00000000eab00000, 0x00000000eaf00000, 0x0000000100000000)
  eden space 2048K, 100% used [0x00000000eab00000,0x00000000ead00000,0x00000000ead00000)
  from space 1024K, 62% used [0x00000000eae00000,0x00000000eaea0288,0x00000000eaf00000)
  to   space 1024K, 0% used [0x00000000ead00000,0x00000000ead00000,0x00000000eae00000)
 ParOldGen       total 147456K, used 144118K [0x00000000c0000000, 0x00000000c9000000, 0x00000000eab00000)
  object space 147456K, 97% used [0x00000000c0000000,0x00000000c8cbdab0,0x00000000c9000000)
 Metaspace       used 58158K, committed 59072K, reserved 1105920K
  class space    used 6119K, committed 6528K, reserved 1048576K
}
Event: 71.764 GC heap after
{Heap after GC invocations=149 (full 5):
 PSYoungGen      total 3072K, used 482K [0x00000000eab00000, 0x00000000eaf00000, 0x0000000100000000)
  eden space 2048K, 0% used [0x00000000eab00000,0x00000000eab00000,0x00000000ead00000)
  from space 1024K, 47% used [0x00000000ead00000,0x00000000ead78ad0,0x00000000eae00000)
  to   space 1024K, 0% used [0x00000000eae00000,0x00000000eae00000,0x00000000eaf00000)
 ParOldGen       total 147456K, used 144636K [0x00000000c0000000, 0x00000000c9000000, 0x00000000eab00000)
  object space 147456K, 98% used [0x00000000c0000000,0x00000000c8d3f2a8,0x00000000c9000000)
 Metaspace       used 58158K, committed 59072K, reserved 1105920K
  class space    used 6119K, committed 6528K, reserved 1048576K
}
Event: 71.788 GC heap before
{Heap before GC invocations=150 (full 5):
 PSYoungGen      total 3072K, used 2522K [0x00000000eab00000, 0x00000000eaf00000, 0x0000000100000000)
  eden space 2048K, 99% used [0x00000000eab00000,0x00000000eacfdf00,0x00000000ead00000)
  from space 1024K, 47% used [0x00000000ead00000,0x00000000ead78ad0,0x00000000eae00000)
  to   space 1024K, 0% used [0x00000000eae00000,0x00000000eae00000,0x00000000eaf00000)
 ParOldGen       total 147456K, used 144636K [0x00000000c0000000, 0x00000000c9000000, 0x00000000eab00000)
  object space 147456K, 98% used [0x00000000c0000000,0x00000000c8d3f2a8,0x00000000c9000000)
 Metaspace       used 58158K, committed 59072K, reserved 1105920K
  class space    used 6119K, committed 6528K, reserved 1048576K
}
Event: 71.791 GC heap after
{Heap after GC invocations=150 (full 5):
 PSYoungGen      total 3072K, used 526K [0x00000000eab00000, 0x00000000eaf00000, 0x0000000100000000)
  eden space 2048K, 0% used [0x00000000eab00000,0x00000000eab00000,0x00000000ead00000)
  from space 1024K, 51% used [0x00000000eae00000,0x00000000eae83918,0x00000000eaf00000)
  to   space 1024K, 0% used [0x00000000ead00000,0x00000000ead00000,0x00000000eae00000)
 ParOldGen       total 147456K, used 145115K [0x00000000c0000000, 0x00000000c9000000, 0x00000000eab00000)
  object space 147456K, 98% used [0x00000000c0000000,0x00000000c8db6c28,0x00000000c9000000)
 Metaspace       used 58158K, committed 59072K, reserved 1105920K
  class space    used 6119K, committed 6528K, reserved 1048576K
}
Event: 71.895 GC heap before
{Heap before GC invocations=151 (full 5):
 PSYoungGen      total 3072K, used 2574K [0x00000000eab00000, 0x00000000eaf00000, 0x0000000100000000)
  eden space 2048K, 100% used [0x00000000eab00000,0x00000000ead00000,0x00000000ead00000)
  from space 1024K, 51% used [0x00000000eae00000,0x00000000eae83918,0x00000000eaf00000)
  to   space 1024K, 0% used [0x00000000ead00000,0x00000000ead00000,0x00000000eae00000)
 ParOldGen       total 147456K, used 146843K [0x00000000c0000000, 0x00000000c9000000, 0x00000000eab00000)
  object space 147456K, 99% used [0x00000000c0000000,0x00000000c8f66c30,0x00000000c9000000)
 Metaspace       used 58158K, committed 59072K, reserved 1105920K
  class space    used 6119K, committed 6528K, reserved 1048576K
}
Event: 71.898 GC heap after
{Heap after GC invocations=151 (full 5):
 PSYoungGen      total 3072K, used 548K [0x00000000eab00000, 0x00000000eaf00000, 0x0000000100000000)
  eden space 2048K, 0% used [0x00000000eab00000,0x00000000eab00000,0x00000000ead00000)
  from space 1024K, 53% used [0x00000000ead00000,0x00000000ead89158,0x00000000eae00000)
  to   space 1024K, 0% used [0x00000000eae00000,0x00000000eae00000,0x00000000eaf00000)
 ParOldGen       total 147456K, used 147326K [0x00000000c0000000, 0x00000000c9000000, 0x00000000eab00000)
  object space 147456K, 99% used [0x00000000c0000000,0x00000000c8fdfa30,0x00000000c9000000)
 Metaspace       used 58158K, committed 59072K, reserved 1105920K
  class space    used 6119K, committed 6528K, reserved 1048576K
}
Event: 71.898 GC heap before
{Heap before GC invocations=152 (full 6):
 PSYoungGen      total 3072K, used 548K [0x00000000eab00000, 0x00000000eaf00000, 0x0000000100000000)
  eden space 2048K, 0% used [0x00000000eab00000,0x00000000eab00000,0x00000000ead00000)
  from space 1024K, 53% used [0x00000000ead00000,0x00000000ead89158,0x00000000eae00000)
  to   space 1024K, 0% used [0x00000000eae00000,0x00000000eae00000,0x00000000eaf00000)
 ParOldGen       total 147456K, used 147326K [0x00000000c0000000, 0x00000000c9000000, 0x00000000eab00000)
  object space 147456K, 99% used [0x00000000c0000000,0x00000000c8fdfa30,0x00000000c9000000)
 Metaspace       used 58158K, committed 59072K, reserved 1105920K
  class space    used 6119K, committed 6528K, reserved 1048576K
}
Event: 72.101 GC heap after
{Heap after GC invocations=152 (full 6):
 PSYoungGen      total 3072K, used 0K [0x00000000eab00000, 0x00000000eaf00000, 0x0000000100000000)
  eden space 2048K, 0% used [0x00000000eab00000,0x00000000eab00000,0x00000000ead00000)
  from space 1024K, 0% used [0x00000000eae00000,0x00000000eae00000,0x00000000eaf00000)
  to   space 1024K, 0% used [0x00000000ead00000,0x00000000ead00000,0x00000000eae00000)
 ParOldGen       total 147456K, used 144949K [0x00000000c0000000, 0x00000000c9000000, 0x00000000eab00000)
  object space 147456K, 98% used [0x00000000c0000000,0x00000000c8d8d430,0x00000000c9000000)
 Metaspace       used 58158K, committed 59072K, reserved 1105920K
  class space    used 6119K, committed 6528K, reserved 1048576K
}
Event: 72.138 GC heap before
{Heap before GC invocations=153 (full 6):
 PSYoungGen      total 3072K, used 2048K [0x00000000eab00000, 0x00000000eaf00000, 0x0000000100000000)
  eden space 2048K, 100% used [0x00000000eab00000,0x00000000ead00000,0x00000000ead00000)
  from space 1024K, 0% used [0x00000000eae00000,0x00000000eae00000,0x00000000eaf00000)
  to   space 1024K, 0% used [0x00000000ead00000,0x00000000ead00000,0x00000000eae00000)
 ParOldGen       total 147456K, used 144949K [0x00000000c0000000, 0x00000000c9000000, 0x00000000eab00000)
  object space 147456K, 98% used [0x00000000c0000000,0x00000000c8d8d430,0x00000000c9000000)
 Metaspace       used 58158K, committed 59072K, reserved 1105920K
  class space    used 6119K, committed 6528K, reserved 1048576K
}
Event: 72.141 GC heap after
{Heap after GC invocations=153 (full 6):
 PSYoungGen      total 3072K, used 576K [0x00000000eab00000, 0x00000000eaf00000, 0x0000000100000000)
  eden space 2048K, 0% used [0x00000000eab00000,0x00000000eab00000,0x00000000ead00000)
  from space 1024K, 56% used [0x00000000ead00000,0x00000000ead90000,0x00000000eae00000)
  to   space 1024K, 0% used [0x00000000eae00000,0x00000000eae00000,0x00000000eaf00000)
 ParOldGen       total 147456K, used 144949K [0x00000000c0000000, 0x00000000c9000000, 0x00000000eab00000)
  object space 147456K, 98% used [0x00000000c0000000,0x00000000c8d8d430,0x00000000c9000000)
 Metaspace       used 58158K, committed 59072K, reserved 1105920K
  class space    used 6119K, committed 6528K, reserved 1048576K
}
Event: 72.187 GC heap before
{Heap before GC invocations=154 (full 6):
 PSYoungGen      total 3072K, used 2624K [0x00000000eab00000, 0x00000000eaf00000, 0x0000000100000000)
  eden space 2048K, 100% used [0x00000000eab00000,0x00000000ead00000,0x00000000ead00000)
  from space 1024K, 56% used [0x00000000ead00000,0x00000000ead90000,0x00000000eae00000)
  to   space 1024K, 0% used [0x00000000eae00000,0x00000000eae00000,0x00000000eaf00000)
 ParOldGen       total 147456K, used 144949K [0x00000000c0000000, 0x00000000c9000000, 0x00000000eab00000)
  object space 147456K, 98% used [0x00000000c0000000,0x00000000c8d8d430,0x00000000c9000000)
 Metaspace       used 58158K, committed 59072K, reserved 1105920K
  class space    used 6119K, committed 6528K, reserved 1048576K
}
Event: 72.189 GC heap after
{Heap after GC invocations=154 (full 6):
 PSYoungGen      total 3072K, used 560K [0x00000000eab00000, 0x00000000eaf00000, 0x0000000100000000)
  eden space 2048K, 0% used [0x00000000eab00000,0x00000000eab00000,0x00000000ead00000)
  from space 1024K, 54% used [0x00000000eae00000,0x00000000eae8c040,0x00000000eaf00000)
  to   space 1024K, 0% used [0x00000000ead00000,0x00000000ead00000,0x00000000eae00000)
 ParOldGen       total 147456K, used 145421K [0x00000000c0000000, 0x00000000c9000000, 0x00000000eab00000)
  object space 147456K, 98% used [0x00000000c0000000,0x00000000c8e037c8,0x00000000c9000000)
 Metaspace       used 58158K, committed 59072K, reserved 1105920K
  class space    used 6119K, committed 6528K, reserved 1048576K
}
Event: 72.255 GC heap before
{Heap before GC invocations=155 (full 6):
 PSYoungGen      total 3072K, used 2608K [0x00000000eab00000, 0x00000000eaf00000, 0x0000000100000000)
  eden space 2048K, 100% used [0x00000000eab00000,0x00000000ead00000,0x00000000ead00000)
  from space 1024K, 54% used [0x00000000eae00000,0x00000000eae8c040,0x00000000eaf00000)
  to   space 1024K, 0% used [0x00000000ead00000,0x00000000ead00000,0x00000000eae00000)
 ParOldGen       total 147456K, used 145421K [0x00000000c0000000, 0x00000000c9000000, 0x00000000eab00000)
  object space 147456K, 98% used [0x00000000c0000000,0x00000000c8e037c8,0x00000000c9000000)
 Metaspace       used 58158K, committed 59072K, reserved 1105920K
  class space    used 6119K, committed 6528K, reserved 1048576K
}
Event: 72.257 GC heap after
{Heap after GC invocations=155 (full 6):
 PSYoungGen      total 3072K, used 1007K [0x00000000eab00000, 0x00000000eb000000, 0x0000000100000000)
  eden space 2048K, 0% used [0x00000000eab00000,0x00000000eab00000,0x00000000ead00000)
  from space 1024K, 98% used [0x00000000ead00000,0x00000000eadfbed0,0x00000000eae00000)
  to   space 1536K, 0% used [0x00000000eae80000,0x00000000eae80000,0x00000000eb000000)
 ParOldGen       total 147456K, used 145421K [0x00000000c0000000, 0x00000000c9000000, 0x00000000eab00000)
  object space 147456K, 98% used [0x00000000c0000000,0x00000000c8e037c8,0x00000000c9000000)
 Metaspace       used 58158K, committed 59072K, reserved 1105920K
  class space    used 6119K, committed 6528K, reserved 1048576K
}
Event: 72.277 GC heap before
{Heap before GC invocations=156 (full 6):
 PSYoungGen      total 3072K, used 3055K [0x00000000eab00000, 0x00000000eb000000, 0x0000000100000000)
  eden space 2048K, 100% used [0x00000000eab00000,0x00000000ead00000,0x00000000ead00000)
  from space 1024K, 98% used [0x00000000ead00000,0x00000000eadfbed0,0x00000000eae00000)
  to   space 1536K, 0% used [0x00000000eae80000,0x00000000eae80000,0x00000000eb000000)
 ParOldGen       total 147456K, used 145421K [0x00000000c0000000, 0x00000000c9000000, 0x00000000eab00000)
  object space 147456K, 98% used [0x00000000c0000000,0x00000000c8e037c8,0x00000000c9000000)
 Metaspace       used 58158K, committed 59072K, reserved 1105920K
  class space    used 6119K, committed 6528K, reserved 1048576K
}
Event: 72.281 GC heap after
{Heap after GC invocations=156 (full 6):
 PSYoungGen      total 3072K, used 1521K [0x00000000eab00000, 0x00000000eb100000, 0x0000000100000000)
  eden space 1536K, 0% used [0x00000000eab00000,0x00000000eab00000,0x00000000eac80000)
  from space 1536K, 99% used [0x00000000eae80000,0x00000000eaffc470,0x00000000eb000000)
  to   space 2048K, 0% used [0x00000000eac80000,0x00000000eac80000,0x00000000eae80000)
 ParOldGen       total 147456K, used 145421K [0x00000000c0000000, 0x00000000c9000000, 0x00000000eab00000)
  object space 147456K, 98% used [0x00000000c0000000,0x00000000c8e037c8,0x00000000c9000000)
 Metaspace       used 58158K, committed 59072K, reserved 1105920K
  class space    used 6119K, committed 6528K, reserved 1048576K
}
Event: 72.319 GC heap before
{Heap before GC invocations=157 (full 6):
 PSYoungGen      total 3072K, used 3057K [0x00000000eab00000, 0x00000000eb100000, 0x0000000100000000)
  eden space 1536K, 100% used [0x00000000eab00000,0x00000000eac80000,0x00000000eac80000)
  from space 1536K, 99% used [0x00000000eae80000,0x00000000eaffc470,0x00000000eb000000)
  to   space 2048K, 0% used [0x00000000eac80000,0x00000000eac80000,0x00000000eae80000)
 ParOldGen       total 147456K, used 145421K [0x00000000c0000000, 0x00000000c9000000, 0x00000000eab00000)
  object space 147456K, 98% used [0x00000000c0000000,0x00000000c8e037c8,0x00000000c9000000)
 Metaspace       used 58158K, committed 59072K, reserved 1105920K
  class space    used 6119K, committed 6528K, reserved 1048576K
}
Event: 72.321 GC heap after
{Heap after GC invocations=157 (full 6):
 PSYoungGen      total 3072K, used 1426K [0x00000000eab00000, 0x00000000eaf80000, 0x0000000100000000)
  eden space 1536K, 0% used [0x00000000eab00000,0x00000000eab00000,0x00000000eac80000)
  from space 1536K, 92% used [0x00000000eac80000,0x00000000eade4a40,0x00000000eae00000)
  to   space 1536K, 0% used [0x00000000eae00000,0x00000000eae00000,0x00000000eaf80000)
 ParOldGen       total 147456K, used 145917K [0x00000000c0000000, 0x00000000c9000000, 0x00000000eab00000)
  object space 147456K, 98% used [0x00000000c0000000,0x00000000c8e7f660,0x00000000c9000000)
 Metaspace       used 58158K, committed 59072K, reserved 1105920K
  class space    used 6119K, committed 6528K, reserved 1048576K
}

